<?xml version="1.0" encoding="UTF-8"?>
<testsuite xmlns:xsi="http://www.w3.org/2001/XMLSchema-instance" xsi:noNamespaceSchemaLocation="https://maven.apache.org/surefire/maven-surefire-plugin/xsd/surefire-test-report-3.0.xsd" version="3.0" name="org.dljl.controller.ClientControllerTest" time="2.624" tests="1" errors="0" skipped="0" failures="0">
  <properties>
[...]
</properties>
  <testcase name="testRegisterClient" classname="org.dljl.controller.ClientControllerTest" time="0.049">
    <system-out><![CDATA[20:20:57.289 [main] INFO org.springframework.test.context.support.AnnotationConfigContextLoaderUtils -- Could not detect default configuration classes for test class [org.dljl.controller.ClientControllerTest]: ClientControllerTest does not declare any static, non-private, non-final, nested classes annotated with @Configuration.
20:20:57.498 [main] INFO org.springframework.boot.test.context.SpringBootTestContextBootstrapper -- Found @SpringBootConfiguration org.dljl.AppointmentManagementService for test class org.dljl.controller.ClientControllerTest

  .   ____          _            __ _ _
 /\\ / ___'_ __ _ _(_)_ __  __ _ \ \ \ \
( ( )\___ | '_ | '_| | '_ \/ _` | \ \ \ \
 \\/  ___)| |_)| | | | | || (_| |  ) ) ) )
  '  |____| .__|_| |_|_| |_\__, | / / / /
 =========|_|==============|___/=/_/_/_/
 :: Spring Boot ::                (v3.1.4)

2024-11-27T20:20:58.177-05:00  INFO 9564 --- [           main] o.dljl.controller.ClientControllerTest   : Starting ClientControllerTest using Java 17.0.8.1 with PID 9564 (started by 20689 in C:\Users\20689\Desktop\4156-project\appointment-management-service\appointment-management)
2024-11-27T20:20:58.179-05:00  INFO 9564 --- [           main] o.dljl.controller.ClientControllerTest   : No active profile set, falling back to 1 default profile: "default"
2024-11-27T20:20:59.688-05:00  INFO 9564 --- [           main] o.s.b.t.m.w.SpringBootMockServletContext : Initializing Spring TestDispatcherServlet ''
2024-11-27T20:20:59.689-05:00  INFO 9564 --- [           main] o.s.t.web.servlet.TestDispatcherServlet  : Initializing Servlet ''
2024-11-27T20:20:59.692-05:00  INFO 9564 --- [           main] o.s.t.web.servlet.TestDispatcherServlet  : Completed initialization in 2 ms
2024-11-27T20:20:59.731-05:00  INFO 9564 --- [           main] o.dljl.controller.ClientControllerTest   : Started ClientControllerTest in 2.101 seconds (process running for 9.646)
]]></system-out>
  </testcase>
</testsuite>